  DeformableObject.cpp
c:\users\bipul\onedrive\documents\visual studio 2015\projects\cag\finalproject\source\source\vmath.h(633): warning C4244: 'initializing': conversion from 'double' to 'float', possible loss of data
c:\users\bipul\onedrive\documents\visual studio 2015\projects\cag\finalproject\source\source\deformablepoint.h(15): warning C4305: 'initializing': truncation from 'double' to 'float'
c:\users\bipul\onedrive\documents\visual studio 2015\projects\cag\finalproject\source\source\deformablepoint.h(19): warning C4305: 'argument': truncation from 'double' to 'float'
c:\users\bipul\onedrive\documents\visual studio 2015\projects\cag\finalproject\source\source\deformableobject.cpp(26): warning C4244: 'argument': conversion from 'float' to 'unsigned __int64', possible loss of data
c:\users\bipul\onedrive\documents\visual studio 2015\projects\cag\finalproject\source\source\deformableobject.cpp(27): warning C4244: 'argument': conversion from 'float' to 'unsigned __int64', possible loss of data
c:\users\bipul\onedrive\documents\visual studio 2015\projects\cag\finalproject\source\source\deformableobject.cpp(28): warning C4244: 'argument': conversion from 'float' to 'unsigned __int64', possible loss of data
c:\users\bipul\onedrive\documents\visual studio 2015\projects\cag\finalproject\source\source\deformableobject.cpp(29): warning C4244: 'argument': conversion from 'float' to 'unsigned __int64', possible loss of data
c:\users\bipul\onedrive\documents\visual studio 2015\projects\cag\finalproject\source\source\deformableobject.cpp(30): warning C4244: 'argument': conversion from 'float' to 'unsigned __int64', possible loss of data
c:\users\bipul\onedrive\documents\visual studio 2015\projects\cag\finalproject\source\source\deformableobject.cpp(31): warning C4244: 'argument': conversion from 'float' to 'unsigned __int64', possible loss of data
c:\users\bipul\onedrive\documents\visual studio 2015\projects\cag\finalproject\source\source\deformableobject.cpp(32): warning C4244: 'argument': conversion from 'float' to 'unsigned __int64', possible loss of data
c:\users\bipul\onedrive\documents\visual studio 2015\projects\cag\finalproject\source\source\deformableobject.cpp(33): warning C4244: 'argument': conversion from 'float' to 'unsigned __int64', possible loss of data
c:\users\bipul\onedrive\documents\visual studio 2015\projects\cag\finalproject\source\source\deformableobject.cpp(55): warning C4244: 'argument': conversion from 'float' to 'unsigned __int64', possible loss of data
c:\users\bipul\onedrive\documents\visual studio 2015\projects\cag\finalproject\source\source\deformableobject.cpp(76): warning C4244: 'argument': conversion from 'int' to 'float', possible loss of data
c:\users\bipul\onedrive\documents\visual studio 2015\projects\cag\finalproject\source\source\deformableobject.cpp(77): warning C4244: 'argument': conversion from 'float' to 'unsigned __int64', possible loss of data
c:\users\bipul\onedrive\documents\visual studio 2015\projects\cag\finalproject\source\source\deformableobject.cpp(94): warning C4244: 'argument': conversion from 'int' to 'float', possible loss of data
c:\users\bipul\onedrive\documents\visual studio 2015\projects\cag\finalproject\source\source\deformableobject.cpp(95): warning C4244: 'argument': conversion from 'float' to 'unsigned __int64', possible loss of data
c:\users\bipul\onedrive\documents\visual studio 2015\projects\cag\finalproject\source\source\deformableobject.cpp(116): warning C4244: 'argument': conversion from 'double' to 'const float', possible loss of data
c:\users\bipul\onedrive\documents\visual studio 2015\projects\cag\finalproject\source\source\deformableobject.cpp(117): warning C4244: 'argument': conversion from 'double' to 'const float', possible loss of data
c:\users\bipul\onedrive\documents\visual studio 2015\projects\cag\finalproject\source\source\deformableobject.cpp(118): warning C4244: 'argument': conversion from 'double' to 'const float', possible loss of data
c:\users\bipul\onedrive\documents\visual studio 2015\projects\cag\finalproject\source\source\deformableobject.cpp(144): warning C4244: 'argument': conversion from 'double' to 'float', possible loss of data
c:\users\bipul\onedrive\documents\visual studio 2015\projects\cag\finalproject\source\source\deformableobject.cpp(148): warning C4244: 'argument': conversion from 'double' to 'float', possible loss of data
c:\users\bipul\onedrive\documents\visual studio 2015\projects\cag\finalproject\source\source\deformableobject.cpp(244): warning C4244: 'argument': conversion from 'int' to 'float', possible loss of data
c:\users\bipul\onedrive\documents\visual studio 2015\projects\cag\finalproject\source\source\deformableobject.cpp(244): warning C4244: 'argument': conversion from 'double' to 'float', possible loss of data
  Source.vcxproj -> C:\Users\bipul\OneDrive\Documents\Visual Studio 2015\Projects\CAG\FinalProject\Source\x64\Debug\Source.exe
  Source.vcxproj -> C:\Users\bipul\OneDrive\Documents\Visual Studio 2015\Projects\CAG\FinalProject\Source\x64\Debug\Source.pdb (Partial PDB)
